<component name="libraryTable">
  <library name="junit">
    <CLASSES>
      <root url="jar://$USER_HOME$/sdks/java-jars/hamcrest-core-1.3.jar!/" />
      <root url="jar://$USER_HOME$/sdks/java-jars/junit-4.13.1.jar!/" />
    </CLASSES>
    <JAVADOC />
    <SOURCES />
  </library>
</component>